<?xml version="1.0" encoding="UTF-8"?>
<testsuite xmlns:xsi="http://www.w3.org/2001/XMLSchema-instance" xsi:noNamespaceSchemaLocation="https://maven.apache.org/surefire/maven-surefire-plugin/xsd/surefire-test-report-3.0.xsd" version="3.0" name="helloworld.AppTest" time="0.957" tests="1" errors="0" skipped="0" failures="0">
  <properties>
    <property name="java.specification.version" value="18"/>
    <property name="sun.jnu.encoding" value="UTF-8"/>
    <property name="java.class.path" value="/Users/vedikasharma/eclipse-workspace/FeatherQuest/birdingexcursion/target/test-classes:/Users/vedikasharma/eclipse-workspace/FeatherQuest/birdingexcursion/target/classes:/Users/vedikasharma/.m2/repository/com/amazonaws/aws-lambda-java-core/1.2.2/aws-lambda-java-core-1.2.2.jar:/Users/vedikasharma/.m2/repository/com/amazonaws/aws-lambda-java-events/3.11.0/aws-lambda-java-events-3.11.0.jar:/Users/vedikasharma/.m2/repository/joda-time/joda-time/2.6/joda-time-2.6.jar:/Users/vedikasharma/.m2/repository/com/amazonaws/aws-lambda-java-log4j2/1.5.1/aws-lambda-java-log4j2-1.5.1.jar:/Users/vedikasharma/.m2/repository/org/apache/logging/log4j/log4j-core/2.17.1/log4j-core-2.17.1.jar:/Users/vedikasharma/.m2/repository/org/apache/logging/log4j/log4j-api/2.17.1/log4j-api-2.17.1.jar:/Users/vedikasharma/.m2/repository/com/fasterxml/jackson/core/jackson-core/2.16.0/jackson-core-2.16.0.jar:/Users/vedikasharma/.m2/repository/com/fasterxml/jackson/core/jackson-annotations/2.16.0/jackson-annotations-2.16.0.jar:/Users/vedikasharma/.m2/repository/com/fasterxml/jackson/core/jackson-databind/2.16.0/jackson-databind-2.16.0.jar:/Users/vedikasharma/.m2/repository/junit/junit/4.13.2/junit-4.13.2.jar:/Users/vedikasharma/.m2/repository/org/hamcrest/hamcrest-core/1.3/hamcrest-core-1.3.jar:"/>
    <property name="java.vm.vendor" value="Oracle Corporation"/>
    <property name="sun.arch.data.model" value="64"/>
    <property name="java.vendor.url" value="https://java.oracle.com/"/>
    <property name="os.name" value="Mac OS X"/>
    <property name="java.vm.specification.version" value="18"/>
    <property name="sun.java.launcher" value="SUN_STANDARD"/>
    <property name="user.country" value="US"/>
    <property name="sun.boot.library.path" value="/Library/Java/JavaVirtualMachines/jdk-18.0.1.1.jdk/Contents/Home/lib"/>
    <property name="sun.java.command" value="/Users/vedikasharma/eclipse-workspace/FeatherQuest/birdingexcursion/target/surefire/surefirebooter-20240831183623617_3.jar /Users/vedikasharma/eclipse-workspace/FeatherQuest/birdingexcursion/target/surefire 2024-08-31T18-36-23_482-jvmRun1 surefire-20240831183623617_1tmp surefire_0-20240831183623617_2tmp"/>
    <property name="http.nonProxyHosts" value="local|*.local|169.254/16|*.169.254/16"/>
    <property name="jdk.debug" value="release"/>
    <property name="surefire.test.class.path" value="/Users/vedikasharma/eclipse-workspace/FeatherQuest/birdingexcursion/target/test-classes:/Users/vedikasharma/eclipse-workspace/FeatherQuest/birdingexcursion/target/classes:/Users/vedikasharma/.m2/repository/com/amazonaws/aws-lambda-java-core/1.2.2/aws-lambda-java-core-1.2.2.jar:/Users/vedikasharma/.m2/repository/com/amazonaws/aws-lambda-java-events/3.11.0/aws-lambda-java-events-3.11.0.jar:/Users/vedikasharma/.m2/repository/joda-time/joda-time/2.6/joda-time-2.6.jar:/Users/vedikasharma/.m2/repository/com/amazonaws/aws-lambda-java-log4j2/1.5.1/aws-lambda-java-log4j2-1.5.1.jar:/Users/vedikasharma/.m2/repository/org/apache/logging/log4j/log4j-core/2.17.1/log4j-core-2.17.1.jar:/Users/vedikasharma/.m2/repository/org/apache/logging/log4j/log4j-api/2.17.1/log4j-api-2.17.1.jar:/Users/vedikasharma/.m2/repository/com/fasterxml/jackson/core/jackson-core/2.16.0/jackson-core-2.16.0.jar:/Users/vedikasharma/.m2/repository/com/fasterxml/jackson/core/jackson-annotations/2.16.0/jackson-annotations-2.16.0.jar:/Users/vedikasharma/.m2/repository/com/fasterxml/jackson/core/jackson-databind/2.16.0/jackson-databind-2.16.0.jar:/Users/vedikasharma/.m2/repository/junit/junit/4.13.2/junit-4.13.2.jar:/Users/vedikasharma/.m2/repository/org/hamcrest/hamcrest-core/1.3/hamcrest-core-1.3.jar:"/>
    <property name="sun.cpu.endian" value="little"/>
    <property name="user.home" value="/Users/vedikasharma"/>
    <property name="user.language" value="en"/>
    <property name="java.specification.vendor" value="Oracle Corporation"/>
    <property name="java.version.date" value="2022-04-22"/>
    <property name="java.home" value="/Library/Java/JavaVirtualMachines/jdk-18.0.1.1.jdk/Contents/Home"/>
    <property name="file.separator" value="/"/>
    <property name="basedir" value="/Users/vedikasharma/eclipse-workspace/FeatherQuest/birdingexcursion"/>
    <property name="java.vm.compressedOopsMode" value="Zero based"/>
    <property name="line.separator" value="&#10;"/>
    <property name="java.vm.specification.vendor" value="Oracle Corporation"/>
    <property name="java.specification.name" value="Java Platform API Specification"/>
    <property name="apple.awt.application.name" value="ForkedBooter"/>
    <property name="surefire.real.class.path" value="/Users/vedikasharma/eclipse-workspace/FeatherQuest/birdingexcursion/target/surefire/surefirebooter-20240831183623617_3.jar"/>
    <property name="sun.management.compiler" value="HotSpot 64-Bit Tiered Compilers"/>
    <property name="ftp.nonProxyHosts" value="local|*.local|169.254/16|*.169.254/16"/>
    <property name="java.runtime.version" value="18.0.1.1+2-6"/>
    <property name="user.name" value="vedikasharma"/>
    <property name="path.separator" value=":"/>
    <property name="os.version" value="14.6"/>
    <property name="java.runtime.name" value="Java(TM) SE Runtime Environment"/>
    <property name="file.encoding" value="UTF-8"/>
    <property name="java.vm.name" value="Java HotSpot(TM) 64-Bit Server VM"/>
    <property name="localRepository" value="/Users/vedikasharma/.m2/repository"/>
    <property name="java.vendor.url.bug" value="https://bugreport.java.com/bugreport/"/>
    <property name="java.io.tmpdir" value="/var/folders/kj/nwjh0b_n0lx4b_0rbxjy26000000gn/T/"/>
    <property name="idea.version" value="2024.2.1"/>
    <property name="java.version" value="18.0.1.1"/>
    <property name="user.dir" value="/Users/vedikasharma/eclipse-workspace/FeatherQuest/birdingexcursion"/>
    <property name="os.arch" value="x86_64"/>
    <property name="java.vm.specification.name" value="Java Virtual Machine Specification"/>
    <property name="native.encoding" value="UTF-8"/>
    <property name="java.library.path" value="/Users/vedikasharma/Library/Java/Extensions:/Library/Java/Extensions:/Network/Library/Java/Extensions:/System/Library/Java/Extensions:/usr/lib/java:."/>
    <property name="java.vm.info" value="mixed mode, sharing"/>
    <property name="java.vendor" value="Oracle Corporation"/>
    <property name="java.vm.version" value="18.0.1.1+2-6"/>
    <property name="sun.io.unicode.encoding" value="UnicodeBig"/>
    <property name="socksNonProxyHosts" value="local|*.local|169.254/16|*.169.254/16"/>
    <property name="java.class.version" value="62.0"/>
  </properties>
  <testcase name="successfulResponse" classname="helloworld.AppTest" time="0.853"/>
</testsuite>